<?xml version="1.0" encoding="UTF-8"?>
<!-- Generated by org.testng.reporters.JUnitReportReporter -->
<testsuite ignored="0" hostname="dnid0708l01.local" failures="0" tests="1" name="capitaltest.test.MainTest" time="10.285" errors="0" timestamp="19 Sep 2020 05:45:34 GMT" skipped="0">
  <testcase classname="capitaltest.test.MainTest" name="singleTest" time="10.285"/>
</testsuite> <!-- capitaltest.test.MainTest -->
